<?xml version="1.0" encoding="UTF-8"?>
<!-- Generated by org.testng.reporters.JUnitXMLReporter -->
<testsuite ignored="0" hostname="DESKTOP-HIQ2IVV" failures="2" tests="7" name="Test" time="70.707" errors="0" timestamp="2025-02-21T14:21:09 IST">
  <testcase classname="com.orangehrm.testcases.LoginTest" name="userValidlogin" time="1.518"/>
  <testcase classname="com.orangehrm.testcases.LoginTest" name="userValidlogin1" time="0.609">
    <skipped/>
  </testcase> <!-- userValidlogin1 -->
  <testcase classname="com.orangehrm.testcases.LoginTest" name="userValidlogin1" time="0.993">
    <skipped/>
  </testcase> <!-- userValidlogin1 -->
  <testcase classname="com.orangehrm.testcases.LoginTest" name="userValidlogin1" time="1.364">
    <failure type="java.lang.IllegalArgumentException" message="Keys to send should be a not null CharSequence">
      <![CDATA[java.lang.IllegalArgumentException: Keys to send should be a not null CharSequence
at org.openqa.selenium.remote.RemoteWebElement.sendKeys(RemoteWebElement.java:96)
at org.openqa.selenium.support.pagefactory.internal.LocatingElementHandler.invoke(LocatingElementHandler.java:51)
at jdk.proxy2/jdk.proxy2.$Proxy16.sendKeys(Unknown Source)
at com.orangehrm.pages.LoginPage.enterUsername(LoginPage.java:34)
at com.orangehrm.pages.LoginPage.loginToApplication(LoginPage.java:50)
at com.orangehrm.testcases.LoginTest.userValidlogin1(LoginTest.java:34)
at java.base/java.util.ArrayList.forEach(ArrayList.java:1596)
... Removed 27 stack frames]]>
    </failure>
  </testcase> <!-- userValidlogin1 -->
  <testcase classname="com.orangehrm.testcases.LoginTest" name="userValidlogin2" time="1.028">
    <skipped/>
  </testcase> <!-- userValidlogin2 -->
  <testcase classname="com.orangehrm.testcases.LoginTest" name="userValidlogin2" time="1.312">
    <skipped/>
  </testcase> <!-- userValidlogin2 -->
  <testcase classname="com.orangehrm.testcases.LoginTest" name="userValidlogin2" time="1.352">
    <failure type="java.lang.IllegalArgumentException" message="Keys to send should be a not null CharSequence">
      <![CDATA[java.lang.IllegalArgumentException: Keys to send should be a not null CharSequence
at org.openqa.selenium.remote.RemoteWebElement.sendKeys(RemoteWebElement.java:96)
at org.openqa.selenium.support.pagefactory.internal.LocatingElementHandler.invoke(LocatingElementHandler.java:51)
at jdk.proxy2/jdk.proxy2.$Proxy16.sendKeys(Unknown Source)
at com.orangehrm.pages.LoginPage.enterUsername(LoginPage.java:34)
at com.orangehrm.pages.LoginPage.loginToApplication(LoginPage.java:50)
at com.orangehrm.testcases.LoginTest.userValidlogin2(LoginTest.java:44)
at java.base/java.util.ArrayList.forEach(ArrayList.java:1596)
... Removed 27 stack frames]]>
    </failure>
  </testcase> <!-- userValidlogin2 -->
</testsuite> <!-- Test -->
