<!DOCTYPE html PUBLIC "-//W3C//DTD XHTML 1.1//EN" "https://www.w3.org/TR/xhtml11/DTD/xhtml11.dtd">
<html xmlns="https://www.w3.org/1999/xhtml">
<head>
<meta http-equiv="content-type" content="text/html; charset=UTF-8"/>
<title>TestNG Report</title>
<style type="text/css">table {margin-bottom:10px;border-collapse:collapse;empty-cells:show}th,td {border:1px solid #009;padding:.25em .5em}th {vertical-align:bottom}td {vertical-align:top}table a {font-weight:bold}.stripe td {background-color: #E6EBF9}.num {text-align:right}.passedodd td {background-color: #3F3}.passedeven td {background-color: #0A0}.skippedodd td {background-color: #DDD}.skippedeven td {background-color: #CCC}.failedodd td,.attn {background-color: #F33}.failedeven td,.stripe .attn {background-color: #D00}.stacktrace {white-space:pre;font-family:monospace}.totop {font-size:85%;text-align:center;border-bottom:2px solid #000}.invisible {display:none}</style>
</head>
<body>
<table>
<tr><th>Test</th><th># Passed</th><th># Skipped</th><th># Retried</th><th># Failed</th><th>Time (ms)</th><th>Included Groups</th><th>Excluded Groups</th></tr>
<tr><th colspan="8">Suite</th></tr>
<tr><td><a href="#t0">Test</a></td><td class="num">1</td><td class="num">0</td><td class="num attn">4</td><td class="num attn">2</td><td class="num">52,956</td><td></td><td></td></tr>
</table>
<table id='summary'><thead><tr><th>Class</th><th>Method</th><th>Start</th><th>Time (ms)</th></tr></thead><tbody><tr><th colspan="4">Suite</th></tr></tbody><tbody id="t0"><tr><th colspan="4">Test &#8212; failed</th></tr><tr class="failedeven"><td rowspan="2">com.orangehrm.testcases.LoginTest</td><td><a href="#m0">userValidlogin1</a></td><td rowspan="1">1740149943258</td><td rowspan="1">538</td></tr><tr class="failedeven"><td><a href="#m1">userValidlogin2</a></td><td rowspan="1">1740149963301</td><td rowspan="1">597</td></tr><tr><th colspan="4">Test &#8212; retried</th></tr><tr class="retriedeven"><td rowspan="4">com.orangehrm.testcases.LoginTest</td><td><a href="#m2">userValidlogin1</a></td><td rowspan="2">1740149935270</td><td rowspan="2">773</td></tr><tr class="retriedeven"><td><a href="#m3">userValidlogin1</a></td></tr><tr class="retriedeven"><td><a href="#m4">userValidlogin2</a></td><td rowspan="2">1740149949344</td><td rowspan="2">518</td></tr><tr class="retriedeven"><td><a href="#m5">userValidlogin2</a></td></tr><tr><th colspan="4">Test &#8212; passed</th></tr><tr class="passedeven"><td rowspan="1">com.orangehrm.testcases.LoginTest</td><td><a href="#m6">userValidlogin</a></td><td rowspan="1">1740149918671</td><td rowspan="1">1260</td></tr></tbody>
</table>
<h2>Test</h2><h3 id="m0">com.orangehrm.testcases.LoginTest#userValidlogin1</h3><table class="result"><tr><th>Exception</th></tr><tr><td><div class="stacktrace">java.lang.IllegalArgumentException: Keys to send should be a not null CharSequence
	at org.openqa.selenium.remote.RemoteWebElement.sendKeys(RemoteWebElement.java:96)
	at org.openqa.selenium.support.pagefactory.internal.LocatingElementHandler.invoke(LocatingElementHandler.java:51)
	at jdk.proxy2/jdk.proxy2.$Proxy16.sendKeys(Unknown Source)
	at com.orangehrm.pages.LoginPage.enterUsername(LoginPage.java:34)
	at com.orangehrm.pages.LoginPage.loginToApplication(LoginPage.java:50)
	at com.orangehrm.testcases.LoginTest.userValidlogin1(LoginTest.java:37)
	at java.base/java.util.ArrayList.forEach(ArrayList.java:1596)
... Removed 27 stack frames</div></td></tr></table><p class="totop"><a href="#summary">back to summary</a></p>
<h3 id="m1">com.orangehrm.testcases.LoginTest#userValidlogin2</h3><table class="result"><tr><th>Exception</th></tr><tr><td><div class="stacktrace">java.lang.IllegalArgumentException: Keys to send should be a not null CharSequence
	at org.openqa.selenium.remote.RemoteWebElement.sendKeys(RemoteWebElement.java:96)
	at org.openqa.selenium.support.pagefactory.internal.LocatingElementHandler.invoke(LocatingElementHandler.java:51)
	at jdk.proxy2/jdk.proxy2.$Proxy16.sendKeys(Unknown Source)
	at com.orangehrm.pages.LoginPage.enterUsername(LoginPage.java:34)
	at com.orangehrm.pages.LoginPage.loginToApplication(LoginPage.java:50)
	at com.orangehrm.testcases.LoginTest.userValidlogin2(LoginTest.java:47)
	at java.base/java.util.ArrayList.forEach(ArrayList.java:1596)
... Removed 27 stack frames</div></td></tr></table><p class="totop"><a href="#summary">back to summary</a></p>
<h3 id="m2">com.orangehrm.testcases.LoginTest#userValidlogin1</h3><table class="result"><tr><th>Exception</th></tr><tr><td><div class="stacktrace">java.lang.IllegalArgumentException: Keys to send should be a not null CharSequence
	at org.openqa.selenium.remote.RemoteWebElement.sendKeys(RemoteWebElement.java:96)
	at org.openqa.selenium.support.pagefactory.internal.LocatingElementHandler.invoke(LocatingElementHandler.java:51)
	at jdk.proxy2/jdk.proxy2.$Proxy16.sendKeys(Unknown Source)
	at com.orangehrm.pages.LoginPage.enterUsername(LoginPage.java:34)
	at com.orangehrm.pages.LoginPage.loginToApplication(LoginPage.java:50)
	at com.orangehrm.testcases.LoginTest.userValidlogin1(LoginTest.java:37)
	at java.base/java.util.ArrayList.forEach(ArrayList.java:1596)
... Removed 27 stack frames</div></td></tr></table><p class="totop"><a href="#summary">back to summary</a></p>
<h3 id="m3">com.orangehrm.testcases.LoginTest#userValidlogin1</h3><table class="result"><tr><th>Exception</th></tr><tr><td><div class="stacktrace">java.lang.IllegalArgumentException: Keys to send should be a not null CharSequence
	at org.openqa.selenium.remote.RemoteWebElement.sendKeys(RemoteWebElement.java:96)
	at org.openqa.selenium.support.pagefactory.internal.LocatingElementHandler.invoke(LocatingElementHandler.java:51)
	at jdk.proxy2/jdk.proxy2.$Proxy16.sendKeys(Unknown Source)
	at com.orangehrm.pages.LoginPage.enterUsername(LoginPage.java:34)
	at com.orangehrm.pages.LoginPage.loginToApplication(LoginPage.java:50)
	at com.orangehrm.testcases.LoginTest.userValidlogin1(LoginTest.java:37)
	at java.base/java.util.ArrayList.forEach(ArrayList.java:1596)
... Removed 27 stack frames</div></td></tr></table><p class="totop"><a href="#summary">back to summary</a></p>
<h3 id="m4">com.orangehrm.testcases.LoginTest#userValidlogin2</h3><table class="result"><tr><th>Exception</th></tr><tr><td><div class="stacktrace">java.lang.IllegalArgumentException: Keys to send should be a not null CharSequence
	at org.openqa.selenium.remote.RemoteWebElement.sendKeys(RemoteWebElement.java:96)
	at org.openqa.selenium.support.pagefactory.internal.LocatingElementHandler.invoke(LocatingElementHandler.java:51)
	at jdk.proxy2/jdk.proxy2.$Proxy16.sendKeys(Unknown Source)
	at com.orangehrm.pages.LoginPage.enterUsername(LoginPage.java:34)
	at com.orangehrm.pages.LoginPage.loginToApplication(LoginPage.java:50)
	at com.orangehrm.testcases.LoginTest.userValidlogin2(LoginTest.java:47)
	at java.base/java.util.ArrayList.forEach(ArrayList.java:1596)
... Removed 27 stack frames</div></td></tr></table><p class="totop"><a href="#summary">back to summary</a></p>
<h3 id="m5">com.orangehrm.testcases.LoginTest#userValidlogin2</h3><table class="result"><tr><th>Exception</th></tr><tr><td><div class="stacktrace">java.lang.IllegalArgumentException: Keys to send should be a not null CharSequence
	at org.openqa.selenium.remote.RemoteWebElement.sendKeys(RemoteWebElement.java:96)
	at org.openqa.selenium.support.pagefactory.internal.LocatingElementHandler.invoke(LocatingElementHandler.java:51)
	at jdk.proxy2/jdk.proxy2.$Proxy16.sendKeys(Unknown Source)
	at com.orangehrm.pages.LoginPage.enterUsername(LoginPage.java:34)
	at com.orangehrm.pages.LoginPage.loginToApplication(LoginPage.java:50)
	at com.orangehrm.testcases.LoginTest.userValidlogin2(LoginTest.java:47)
	at java.base/java.util.ArrayList.forEach(ArrayList.java:1596)
... Removed 27 stack frames</div></td></tr></table><p class="totop"><a href="#summary">back to summary</a></p>
<h3 id="m6">com.orangehrm.testcases.LoginTest#userValidlogin</h3><table class="result"><tr><th class="invisible"/></tr></table><p class="totop"><a href="#summary">back to summary</a></p>
</body>
</html>
